<?xml version="1.0" encoding="UTF-8"?>
<!-- Generated by org.testng.reporters.JUnitXMLReporter -->
<testsuite ignored="0" hostname="LAPTOP-U5C5BR75" failures="1" tests="1" name="Default test" time="6.664" errors="0" timestamp="2024-01-16T15:32:48 IST">
  <testcase classname="io.cucumber.testng.AbstractTestNGCucumberTests" name="runScenario" time="5.051">
    <failure type="java.lang.Error" message="Unresolved compilation problems: 
	FileUtils cannot be resolved
	FileUtils cannot be resolved
	IOUtils cannot be resolved
">
      <![CDATA[java.lang.Error: Unresolved compilation problems: 
FileUtils cannot be resolved
FileUtils cannot be resolved
IOUtils cannot be resolved

at com.bdd.hooks.GlobalHooks.afterScenario(GlobalHooks.java:87)
]]>
    </failure>
  </testcase> <!-- runScenario -->
</testsuite> <!-- Default test -->
