<?xml version="1.0" encoding="UTF-8"?>
<testng-results ignored="0" total="1" passed="0" failed="1" skipped="0">
  <reporter-output>
  </reporter-output>
  <suite started-at="2024-01-16T15:32:41 IST" name="Default suite" finished-at="2024-01-16T15:32:48 IST" duration-ms="6664">
    <groups>
      <group name="cucumber">
        <method signature="AbstractTestNGCucumberTests.runScenario(io.cucumber.testng.PickleWrapper,io.cucumber.testng.FeatureWrapper)[pri:0, instance:com.bdd.runner.TestRunner@75437611]" name="runScenario" class="io.cucumber.testng.AbstractTestNGCucumberTests"/>
      </group> <!-- cucumber -->
    </groups>
    <test started-at="2024-01-16T15:32:41 IST" name="Default test" finished-at="2024-01-16T15:32:48 IST" duration-ms="6664">
      <class name="com.bdd.runner.TestRunner">
        <test-method is-config="true" signature="setUpClass()[pri:0, instance:com.bdd.runner.TestRunner@75437611]" started-at="2024-01-16T15:32:41 IST" name="setUpClass" finished-at="2024-01-16T15:32:42 IST" duration-ms="761" status="PASS">
          <reporter-output>
          </reporter-output>
        </test-method> <!-- setUpClass -->
        <test-method is-config="true" signature="setup()[pri:0, instance:com.bdd.runner.TestRunner@75437611]" started-at="2024-01-16T15:32:42 IST" name="setup" finished-at="2024-01-16T15:32:43 IST" duration-ms="589" status="PASS">
          <reporter-output>
          </reporter-output>
        </test-method> <!-- setup -->
        <test-method signature="runScenario(io.cucumber.testng.PickleWrapper,io.cucumber.testng.FeatureWrapper)[pri:0, instance:com.bdd.runner.TestRunner@75437611]" started-at="2024-01-16T15:32:43 IST" name="runScenario" description="Runs Cucumber Scenarios" data-provider="scenarios" finished-at="2024-01-16T15:32:48 IST" duration-ms="5051" status="FAIL">
          <params>
            <param index="0">
              <value>
                <![CDATA["Validation of get request with rest assured"]]>
              </value>
            </param>
            <param index="1">
              <value>
                <![CDATA["Optional[Demo for  api automation]"]]>
              </value>
            </param>
          </params>
          <exception class="java.lang.Error">
            <message>
              <![CDATA[Unresolved compilation problems: 
FileUtils cannot be resolved
FileUtils cannot be resolved
IOUtils cannot be resolved
]]>
            </message>
            <full-stacktrace>
              <![CDATA[java.lang.Error: Unresolved compilation problems: 
FileUtils cannot be resolved
FileUtils cannot be resolved
IOUtils cannot be resolved

at com.bdd.hooks.GlobalHooks.afterScenario(GlobalHooks.java:87)
]]>
            </full-stacktrace>
          </exception> <!-- java.lang.Error -->
          <reporter-output>
          </reporter-output>
        </test-method> <!-- runScenario -->
        <test-method is-config="true" signature="tearDown()[pri:0, instance:com.bdd.runner.TestRunner@75437611]" started-at="2024-01-16T15:32:48 IST" name="tearDown" finished-at="2024-01-16T15:32:48 IST" duration-ms="148" status="PASS">
          <reporter-output>
          </reporter-output>
        </test-method> <!-- tearDown -->
        <test-method is-config="true" signature="tearDownClass()[pri:0, instance:com.bdd.runner.TestRunner@75437611]" started-at="2024-01-16T15:32:48 IST" name="tearDownClass" finished-at="2024-01-16T15:32:48 IST" duration-ms="74" status="PASS">
          <reporter-output>
          </reporter-output>
        </test-method> <!-- tearDownClass -->
      </class> <!-- com.bdd.runner.TestRunner -->
    </test> <!-- Default test -->
  </suite> <!-- Default suite -->
</testng-results>
